<?xml version="1.0" encoding="UTF-8"?>
<testsuite name="org.amaap.credit.card.manager.validation.CustomerValidationTest" tests="2" skipped="0" failures="0" errors="0" timestamp="2024-03-13T20:18:47" hostname="LAPTOP-205J7BQ6" time="0.033">
  <properties/>
  <testcase name="shouldAbleToValidateCustomerName()" classname="org.amaap.credit.card.manager.validation.CustomerValidationTest" time="0.028"/>
  <testcase name="shouldAbleToValidateCustomerEmailId()" classname="org.amaap.credit.card.manager.validation.CustomerValidationTest" time="0.003"/>
  <system-out><![CDATA[]]></system-out>
  <system-err><![CDATA[]]></system-err>
</testsuite>
